<?xml version="1.0" encoding="UTF-8"?>
<!-- Generated by org.testng.reporters.JUnitReportReporter -->
<testsuite hostname="LAPTOP-90724PDM" failures="0" tests="5" name="test.test_class" time="49.430" errors="0" timestamp="2020-12-29T12:34:58 IST" skipped="0">
  <testcase classname="test.test_class" name="homeSearch" time="35.770"/>
  <system-out/>
  <testcase classname="test.test_class" name="afterSearch" time="2.702"/>
  <system-out/>
  <testcase classname="test.test_class" name="getCurrent" time="5.504"/>
  <system-out/>
  <testcase classname="test.test_class" name="getHistory" time="4.051"/>
  <system-out/>
  <testcase classname="test.test_class" name="setexcel" time="1.403"/>
  <system-out/>
</testsuite> <!-- test.test_class -->
