<?xml version="1.0" encoding="UTF-8"?>
<!-- Generated by org.testng.reporters.JUnitReportReporter -->
<testsuite hostname="LAPTOP-90724PDM" failures="0" tests="5" name="test.test_class" time="54.031" errors="0" timestamp="2020-12-29T15:37:53 IST" skipped="0">
  <testcase classname="test.test_class" name="homeSearch" time="37.796"/>
  <system-out/>
  <testcase classname="test.test_class" name="afterSearch" time="5.306"/>
  <system-out/>
  <testcase classname="test.test_class" name="getCurrent" time="5.530"/>
  <system-out/>
  <testcase classname="test.test_class" name="getHistory" time="4.193"/>
  <system-out/>
  <testcase classname="test.test_class" name="setexcel" time="1.206"/>
  <system-out/>
</testsuite> <!-- test.test_class -->
